<?xml version="1.0" encoding="UTF-8"?>
<!-- Generated by org.testng.reporters.JUnitReportReporter -->
<testsuite hostname="Nishkarsh" failures="0" tests="1" name="TestCases.HRIS_Local" time="0.486" errors="0" timestamp="2025-05-22T09:53:39 IST" skipped="0">
  <testcase classname="TestCases.HRIS_Local" name="applyForLeave" time="0.486"/>
</testsuite> <!-- TestCases.HRIS_Local -->
